2025-09-09T14:24:55: 
> appmch@1.0.0 start
> node app.js

2025-09-09T15:14:05: 
> appmch@1.0.0 start
> node app.js

2025-09-09T15:18:00: 
> appmch@1.0.0 start
> node app.js

2025-09-09T17:52:13: 
> appmch@1.0.0 start
> node app.js

2025-09-10T10:55:30: 
> appmch@1.0.0 start
> node app.js

2025-09-10T10:58:38: 
> appmch@1.0.0 start
> node app.js

2025-09-10T11:34:44: Unknown command: "app.js"
2025-09-10T11:34:44: 
2025-09-10T11:34:44: To see a list of supported npm commands, run:
2025-09-10T11:34:44:   npm help
2025-09-10T11:34:44: 2025-09-10T11:34:44: 2025-09-10T11:34:45: Unknown command: "app.js"
2025-09-10T11:34:45: 
2025-09-10T11:34:45: To see a list of supported npm commands, run:
2025-09-10T11:34:45:   npm help
2025-09-10T11:34:45: 2025-09-10T11:34:45: 2025-09-10T11:34:45: 2025-09-10T11:34:46: Unknown command: "app.js"
2025-09-10T11:34:46: 
2025-09-10T11:34:46: To see a list of supported npm commands, run:
2025-09-10T11:34:46:   npm help
2025-09-10T11:34:46: 2025-09-10T11:34:46: 2025-09-10T11:34:46: 2025-09-10T11:34:46: Unknown command: "app.js"
2025-09-10T11:34:46: 
2025-09-10T11:34:46: To see a list of supported npm commands, run:
2025-09-10T11:34:46:   npm help
2025-09-10T11:34:46: 2025-09-10T11:34:46: 2025-09-10T11:34:46: 2025-09-10T11:34:47: Unknown command: "app.js"
2025-09-10T11:34:47: 
2025-09-10T11:34:47: To see a list of supported npm commands, run:
2025-09-10T11:34:47:   npm help
2025-09-10T11:34:47: 2025-09-10T11:34:47: 2025-09-10T11:34:47: 2025-09-10T11:34:48: Unknown command: "app.js"
2025-09-10T11:34:48: 
2025-09-10T11:34:48: To see a list of supported npm commands, run:
2025-09-10T11:34:48:   npm help
2025-09-10T11:34:48: 2025-09-10T11:34:48: 2025-09-10T11:34:48: 2025-09-10T11:34:48: Unknown command: "app.js"
2025-09-10T11:34:48: 
2025-09-10T11:34:48: To see a list of supported npm commands, run:
2025-09-10T11:34:48:   npm help
2025-09-10T11:34:48: 2025-09-10T11:34:48: 2025-09-10T11:34:48: 2025-09-10T11:34:49: Unknown command: "app.js"
2025-09-10T11:34:49: 
2025-09-10T11:34:49: To see a list of supported npm commands, run:
2025-09-10T11:34:49:   npm help
2025-09-10T11:34:49: 2025-09-10T11:34:49: 2025-09-10T11:34:49: 2025-09-10T11:34:49: Unknown command: "app.js"
2025-09-10T11:34:49: 
2025-09-10T11:34:49: To see a list of supported npm commands, run:
2025-09-10T11:34:49:   npm help
2025-09-10T11:34:49: 2025-09-10T11:34:49: 2025-09-10T11:34:49: 2025-09-10T11:34:50: Unknown command: "app.js"
2025-09-10T11:34:50: 
2025-09-10T11:34:50: To see a list of supported npm commands, run:
2025-09-10T11:34:50:   npm help
2025-09-10T11:34:50: 2025-09-10T11:34:50: 2025-09-10T11:34:50: 2025-09-10T11:34:51: Unknown command: "app.js"
2025-09-10T11:34:51: 
2025-09-10T11:34:51: To see a list of supported npm commands, run:
2025-09-10T11:34:51:   npm help
2025-09-10T11:34:51: 2025-09-10T11:34:51: 2025-09-10T11:34:51: 2025-09-10T11:34:52: Unknown command: "app.js"
2025-09-10T11:34:52: 
2025-09-10T11:34:52: To see a list of supported npm commands, run:
2025-09-10T11:34:52:   npm help
2025-09-10T11:34:52: 2025-09-10T11:34:52: 2025-09-10T11:34:52: 2025-09-10T11:34:52: Unknown command: "app.js"
2025-09-10T11:34:52: 
2025-09-10T11:34:52: To see a list of supported npm commands, run:
2025-09-10T11:34:52:   npm help
2025-09-10T11:34:52: 2025-09-10T11:34:52: 2025-09-10T11:34:52: 2025-09-10T11:34:53: Unknown command: "app.js"
2025-09-10T11:34:53: 
2025-09-10T11:34:53: To see a list of supported npm commands, run:
2025-09-10T11:34:53:   npm help
2025-09-10T11:34:53: 2025-09-10T11:34:53: 2025-09-10T11:34:53: 2025-09-10T11:34:54: Unknown command: "app.js"
2025-09-10T11:34:54: 
2025-09-10T11:34:54: To see a list of supported npm commands, run:
2025-09-10T11:34:54:   npm help
2025-09-10T11:34:54: 2025-09-10T11:34:54: 2025-09-10T11:34:54: 2025-09-10T11:34:54: Unknown command: "app.js"
2025-09-10T11:34:54: 
2025-09-10T11:34:54: To see a list of supported npm commands, run:
2025-09-10T11:34:54:   npm help
2025-09-10T11:34:54: 2025-09-10T11:34:54: 2025-09-10T11:34:54: 2025-09-10T11:34:55: Unknown command: "app.js"
2025-09-10T11:34:55: 
2025-09-10T11:34:55: To see a list of supported npm commands, run:
2025-09-10T11:34:55:   npm help
2025-09-10T11:34:55: 2025-09-10T11:34:55: 2025-09-10T11:34:55: 2025-09-10T11:41:08: 
> appmch@1.0.0 start
> node app.js

2025-09-11T11:48:35: 
> appmch@1.0.0 start
> node app.js

2025-09-11T12:40:38: 
> appmch@1.0.0 start
> node app.js

2025-09-11T12:46:19: 
> appmch@1.0.0 start
> node app.js

2025-09-11T12:46:51: 
> appmch@1.0.0 start
> node app.js

